(salas/10/10S11) -> b'Primera prueba'
(salas/10/10S11) -> b'Primera prueba'
(salas/10/10S80) -> b'Prueba mensaje otra sala'
(usuarios/201611580) -> b'Primer publicacion a usuario'
(usuarios/201612200) -> b'Primer publicacion a usuario'
(usuarios/201612200) -> b'Primer publicacion a usuario'
(usuarios/201612200) -> b'Primer publicacion a usuario'
(usuarios/201612200) -> b'Primer publicacion a usuario'
(usuarios/201612200) -> b'Primer publicacion a usuario'
(usuarios/201612200) -> b'Primer publicacion a usuario'
(usuarios/201612200) -> b'Primer publicacion a usuario'
(usuarios/201612200) -> b'Primer publicacion a usuario'
(comandos/10/201612200) -> b'prueba sucribe'
(comandos/10/201612200) -> b'prueba sucribe'
(comandos/10/201612200) -> b'prueba sucribe'
(comandos/10/201612200) -> b''
(comandos/10/201612200) -> b'prueba publish'
(comandos/10/201612200) -> b'prueba publish'
(comandos/10/201602863) -> bb\\x04201602863
(comandos/10/201602863) -> bb\\x04201602863
(comandos/10/201602863) -> bb\\x04201602863
(comandos/10/201602863) -> bb\\x04201602863
(comandos/10/201602863) -> bb\\x04201602863
(comandos/10/201602863) -> bb\\x04201602863
(comandos/10/201602863) -> b'\x0401602863'
(comandos/10/201602863) -> b'Alive Enviado'
(comandos/10/201602863) -> b'Alive Enviado'
(comandos/10/201602863) -> b'Alive Enviado'
(comandos/10/201602863) -> b'Alive Enviado'
(comandos/10/201602863) -> b'\x04$'
(comandos/10/201602863) -> b'\x04$'
(comandos/10/201602863) -> b'\x04$'
(comandos/10/201602863) -> b'\x04$'
(comandos/10/201602863) -> b'\x04$'
(comandos/10/201602863) -> b'\x04$'
(comandos/10/201602863) -> b'\x04$'
(comandos/10/201602863) -> b'\x04$'
(comandos/10/201602863) -> b'\x04$'
(comandos/10/201602863) -> b'\x04$'
(comandos/10/201602863) -> b'\x04$'
(comandos/10/201602863) -> b'\x04$'
(comandos/10/201602863) -> b'\x04$'
(comandos/10/201602863) -> b'\x04$'
(comandos/10/201602863) -> b'\x04$'
(comandos/10/201602863) -> b'\x04$'
(comandos/10/201602863) -> b'\x04$'
(comandos/10/201602863) -> b'\x04$'
(comandos/10/201602863) -> b'\x04$'
(comandos/10/201602863) -> b'\x04$'
(comandos/10/201602863) -> b'\x04$'
(comandos/10/201602863) -> b'\x04$'
(comandos/10/201602863) -> b'\x04$'
(comandos/10/201602863) -> b'\x04$'
(comandos/10/201602863) -> b'\x04$'
(comandos/10/201602863) -> b'\x04$'
(comandos/10/201602863) -> b'\x04$'
(comandos/10/201602863) -> b'\x04$'
(comandos/10/201602863) -> b'\x04$'
(comandos/10/201602863) -> b'\x04$'
(comandos/10/201602863) -> b'\x04$'
(comandos/10/201602863) -> b'\x04$'
(comandos/10/201602863) -> b'\x04$'
(comandos/10/201602863) -> b'\x04$'
(comandos/10/201602863) -> b'\x04$'
(comandos/10/201602863) -> b'\x04$'
(comandos/10/201602863) -> b'\x04$'
(comandos/10/201602863) -> b'\x04$'
(comandos/10/201602863) -> b'\x04$'
(comandos/10/201602863) -> b'\x04$'
(comandos/10/201602863) -> b'\x04$'
(comandos/10/201602863) -> b'\x04$'
(comandos/10/201602863) -> b'\x04$'
(comandos/10/201602863) -> b'\x04$'
(comandos/10/201602863) -> b'\x04$'
(comandos/10/201602863) -> b'\x04$'
(comandos/10/201602863) -> b'\x04$'
(comandos/10/201602863) -> b'\x04$'
(comandos/10/201602863) -> b'\x04$'
(comandos/10/201602863) -> b'\x04$'
(comandos/10/201602863) -> b'\x04$'
(comandos/10/201602863) -> b'\x04$'
(comandos/10/201602863) -> b'\x04$'
(comandos/10/201602863) -> b'\x04$'
(comandos/10/201602863) -> b'\x04$'
(comandos/10/201602863) -> b'\x04$'
(comandos/10/201602863) -> b'\x04$'
(comandos/10/201602863) -> b'\x04$'
(comandos/10/201602863) -> b'Alive Enviado'
(comandos/10/201602863) -> b'Alive Enviado'
(comandos/10/201602863) -> b'Alive Enviado'
(comandos/10/201602863) -> b'Alive Enviado'
(comandos/10/201602863) -> b'Alive Enviado'
(comandos/10/201602863) -> b'Alive Enviado'
(comandos/10/201602863) -> b'Alive Enviado'
(comandos/10/201602863) -> b'Alive Enviado'
(comandos/10/201602863) -> b'Alive Enviado'
(comandos/10/201602863) -> b'Alive Enviado'
(comandos/10/201602863) -> b'Alive Enviado'
(comandos/10/201602863) -> b'Alive Enviado'
(comandos/10/201602863) -> b'Alive Enviado'
(comandos/10/201602863) -> b'Alive Enviado'
(comandos/10/201602863) -> b'Alive Enviado'
(comandos/10/201602863) -> b'Alive Enviado'
(comandos/10/201602863) -> b'Alive Enviado'
(comandos/10/201602863) -> b'Alive Enviado'
(comandos/10/201602863) -> b'Alive Enviado'
(comandos/10/201602863) -> b'Alive Enviado'
(comandos/10/201602863) -> b'Alive Enviado'
(comandos/10/201602863) -> b'Alive Enviado'
(comandos/10/201602863) -> b'\x0401602863'
(comandos/10/201602863) -> b'\x0401602863'
(comandos/10/201602863) -> b'\x0401602863'
(comandos/10/201602863) -> b'\x0401602863'
(comandos/10/201602863) -> b'\x0401602863'
(comandos/10/201602863) -> b'\x0401602863'
(comandos/10/201602863) -> b'\x0401602863'
(comandos/10/201602863) -> b'\x0401602863'
(comandos/10/201602863) -> b'\x0401602863'
(comandos/10/201602863) -> b'\x0401602863'
(comandos/10/201602863) -> b'\x0401602863'
(comandos/10/201602863) -> b'\x0401602863'
(comandos/10/201602863) -> b'\x0401602863'
(comandos/10/201602863) -> b'\x0401602863'
(comandos/10/201602863) -> b'\x0401602863'
(comandos/10/201602863) -> b'\x0401602863'
(comandos/10/201602863) -> b'\x0401602863'
(comandos/10/201602863) -> b'\x0401602863'
(comandos/10/201602863) -> b'\x0401602863'
(comandos/10/201602863) -> b'\x0401602863'
(comandos/10/201602863) -> b'\x0401602863'
(comandos/10/201602863) -> b'\x0401602863'
(comandos/10/201602863) -> b'\x0401602863'
(comandos/10/201602863) -> b'\x0401602863'
(comandos/10/201602863) -> b'\x0401602863'
(comandos/10/201602863) -> b'\x0401602863'
(comandos/10/201602863) -> b'\x0401602863'
(comandos/10/201602863) -> b'\x0401602863'
(comandos/10/201602863) -> b'\x0401602863'
(comandos/10/201602863) -> b'\x0401602863'
(comandos/10/201602863) -> b'\x0401602863'
(comandos/10/201602863) -> b'\x0401602863'
(comandos/10/201602863) -> b'\x0401602863'
(comandos/10/201602863) -> b'\x0401602863'
(comandos/10/201602863) -> b'\x0401602863'
(comandos/10/201602863) -> b'\x0401602863'
(comandos/10/201602863) -> b'\x0401602863'
(comandos/10/201602863) -> b'\x0401602863'
(comandos/10/201602863) -> b'\x0401602863'
(comandos/10/201602863) -> b'\x0401602863'
(comandos/10/201602863) -> b'\x0401602863'
(comandos/10/201602863) -> b'\x0401602863'
(comandos/10/201602863) -> b'\x0401602863'
(comandos/10/201602863) -> b'\x0401602863'
(comandos/10/201602863) -> b'\x0401602863'
(comandos/10/201602863) -> b'\x0401602863'
(comandos/10/201602863) -> b'\x0401602863'
(comandos/10/201602863) -> b'\x0401602863'
(comandos/10/201602863) -> b'\x0401602863'
(comandos/10/201602863) -> b'\x0401602863'
(comandos/10/201602863) -> b'\x0401602863'
(comandos/10/201602863) -> b'\x0401602863'
(comandos/10/201602863) -> b'\x0401602863'
(comandos/10/201602863) -> b'\x0401602863'
(comandos/10/201602863) -> b'\x0401602863'
(comandos/10/201602863) -> b'\x0401602863'
(comandos/10/201602863) -> b'\x0401602863'
(comandos/10/201602863) -> b'\x0401602863'
(comandos/10/201602863) -> b'\x0401602863'
(comandos/10/201602863) -> b'\x0401602863'
(comandos/10/201602863) -> b'\x0401602863'
(comandos/10/201602863) -> b'\x0401602863'
(comandos/10/201602863) -> b'\x0401602863'
(comandos/10/201602863) -> b'\x0401602863'
(comandos/10/201602863) -> b'\x0401602863'
(comandos/10/201602863) -> b'\x0401602863'
(comandos/10/201602863) -> b'\x0401602863'
(comandos/10/201602863) -> b'\x0401602863'
(comandos/10/201602863) -> b'\x0401602863'
(comandos/10/201602863) -> b'\x0401602863'
(comandos/10/201602863) -> b'\x0401602863'
(comandos/10/201602863) -> b'\x0401602863'
(comandos/10/201602863) -> b'\x0401602863'
(comandos/10/201602863) -> b'\x0401602863'
(comandos/10/201602863) -> b'\x0401602863'
(comandos/10/201602863) -> b'\x0401602863'
(comandos/10/201602863) -> b'\x0401602863'
(comandos/10/201602863) -> b'\x0401602863'
(comandos/10/201602863) -> b'\x0401602863'
(comandos/10/201602863) -> b'\x0401602863'
(comandos/10/201602863) -> b'\x0401602863'
(comandos/10/201602863) -> b'\x0401602863'
(comandos/10/201602863) -> b'\x0401602863'
(comandos/10/201602863) -> b'\x0401602863'
(comandos/10/201602863) -> b'\x0401602863'
(comandos/10/201602863) -> b'\x0401602863'
(comandos/10/201602863) -> b'\x0401602863'
(comandos/10/201602863) -> b'\x0401602863'
(comandos/10/201602863) -> b'\x0401602863'
(comandos/10/201602863) -> b'\x0401602863'
(comandos/10/201602863) -> b'\x0401602863'
(comandos/10/201602863) -> b'\x0401602863'
(comandos/10/201602863) -> b'\x0401602863'
(comandos/10/201602863) -> b'\x0401602863'
(comandos/10/201602863) -> b'\x0401602863'
(comandos/10/201602863) -> b'\x0401602863'
(comandos/10/201602863) -> b'\x0401602863'
(comandos/10/201602863) -> b'\x0401602863'
(comandos/10/201602863) -> b'\x0401602863'
(comandos/10/201602863) -> b'\x0401602863'
(comandos/10/201602863) -> b'\x0401602863'
(comandos/10/201602863) -> b'\x0401602863'
(comandos/10/201602863) -> b'\x0401602863'
(comandos/10/201602863) -> b'\x0401602863'
(comandos/10/201602863) -> b'\x0401602863'
(comandos/10/201602863) -> b'\x0401602863'
(comandos/10/201602863) -> b'\x0401602863'
(comandos/10/201602863) -> b'\x0401602863'
(comandos/10/201602863) -> b'\x0401602863'
(comandos/10/201602863) -> b'\x0401602863'
(comandos/10/201602863) -> b'\x0401602863'
(comandos/10/201602863) -> b'\x0401602863'
(comandos/10/201602863) -> b'\x0401602863'
(comandos/10/201602863) -> b'\x0401602863'
(comandos/10/201602863) -> b'\x0401602863'
(comandos/10/201602863) -> b'\x0401602863'
(comandos/10/201602863) -> b'\x0401602863'
(comandos/10/201602863) -> b'\x0401602863'
(comandos/10/201602863) -> b'\x0401602863'
(comandos/10/201602863) -> b'\x0401602863'
(comandos/10/201602863) -> b'\x0401602863'
(comandos/10/201602863) -> b'\x0401602863'
(comandos/10/201602863) -> b'\x0401602863'
(comandos/10/201602863) -> b'\x0401602863'
(comandos/10/201602863) -> b'\x0401602863'
(comandos/10/201602863) -> b'\x0401602863'
(comandos/10/201602863) -> b'\x0401602863'
(comandos/10/201602863) -> b'\x0401602863'
(comandos/10/201602863) -> b'\x0401602863'
(comandos/10/201602863) -> b'\x0401602863'
(comandos/10/201602863) -> b'\x0401602863'
(comandos/10/201602863) -> b'\x0401602863'
(comandos/10/201602863) -> b'\x0401602863'
(comandos/10/201602863) -> b'\x0401602863'
(comandos/10/201602863) -> b'\x0401602863'
(comandos/10/201602863) -> b'\x0401602863'
(comandos/10/201602863) -> b'\x0401602863'
(comandos/10/201602863) -> b'\x0401602863'
(comandos/10/201602863) -> b'\x0401602863'
(comandos/10/201602863) -> b'\x0401602863'
(comandos/10/201602863) -> b'\x0401602863'
(comandos/10/201602863) -> b'\x0401602863'
(comandos/10/201602863) -> b'\x0401602863'
(comandos/10/201602863) -> b'\x0401602863'
(comandos/10/201602863) -> b'\x0401602863'
(comandos/10/201602863) -> b'\x0401602863'
(comandos/10/201602863) -> b'\x0401602863'
(comandos/10/201602863) -> b'\x0401602863'
(comandos/10/201602863) -> b'\x0401602863'
(comandos/10/201602863) -> b'\x0401602863'
(comandos/10/201602863) -> b'\x0401602863'
(comandos/10/201602863) -> b'\x0401602863'
(comandos/10/201602863) -> b'\x0401602863'
(comandos/10/201602863) -> b'\x0401602863'
(comandos/10/201602863) -> b'\x0401602863'
(comandos/10/201602863) -> b'\x0401602863'
(comandos/10/201602863) -> b'\x0401602863'
(comandos/10/201602863) -> b'\x0401602863'
(comandos/10/201602863) -> b'\x0401602863'
(comandos/10/201602863) -> b'\x0401602863'
(comandos/10/201602863) -> b'\x0401602863'
(comandos/10/201602863) -> b'\x0401602863'
(comandos/10/201602863) -> b'\x0401602863'
(comandos/10/201602863) -> b'\x0401602863'
(comandos/10/201602863) -> b'\x0401602863'
(comandos/10/201602863) -> b'\x0401602863'
(comandos/10/201602863) -> b'\x0401602863'
(comandos/10/201602863) -> b'\x0401602863'
(comandos/10/201602863) -> b'\x0401602863'
(comandos/10/201602863) -> b'\x0401602863'
(comandos/10/201602863) -> b'\x0401602863'
(comandos/10/201602863) -> b'\x0401602863'
(comandos/10/201602863) -> b'\x0401602863'
(comandos/10/201602863) -> b'\x0401602863'
(comandos/10/201602863) -> b'\x0401602863'
(comandos/10/201602863) -> b'\x0401602863'
(comandos/10/201602863) -> b'\x0401602863'
(comandos/10/201602863) -> b'\x0401602863'
(comandos/10/201602863) -> b'\x0401602863'
(comandos/10/201602863) -> b'\x0401602863'
(comandos/10/201602863) -> b'\x0401602863'
(comandos/10/201602863) -> b'\x0401602863'
(comandos/10/201602863) -> b'\x0401602863'
(comandos/10/201602863) -> b'\x0401602863'
(comandos/10/201602863) -> b'\x0401602863'
(comandos/10/201602863) -> b'\x0401602863'
(comandos/10/201602863) -> b'\x0401602863'
(comandos/10/201602863) -> b'\x0401602863'
(comandos/10/201602863) -> b'\x0401602863'
(comandos/10/201602863) -> b'\x0401602863'
(comandos/10/201602863) -> b'\x0401602863'
(comandos/10/201602863) -> b'\x0401602863'
(comandos/10/201602863) -> b'\x0401602863'
(comandos/10/201602863) -> b'\x0401602863'
(comandos/10/201602863) -> b'\x0401602863'
(comandos/10/201602863) -> b'\x0401602863'
(comandos/10/201602863) -> b'\x0401602863'
(comandos/10/201602863) -> b'\x0401602863'
(comandos/10/201602863) -> b'\x0401602863'
(comandos/10/201602863) -> b'\x0401602863'
(comandos/10/201602863) -> b'\x0401602863'
(comandos/10/201602863) -> b'\x0401602863'
(comandos/10/201602863) -> b'\x0401602863'
(comandos/10/201602863) -> b'\x0401602863'
(comandos/10/201602863) -> b'\x0401602863'
(comandos/10/201602863) -> b'\x0401602863'
(comandos/10/201602863) -> b'\x0401602863'
(comandos/10/201602863) -> b'\x0401602863'
(comandos/10/201602863) -> b'\x0401602863'
(comandos/10/201602863) -> b'\x0401602863'
(comandos/10/201602863) -> b'\x0401602863'
(comandos/10/201602863) -> b'\x0401602863'
(comandos/10/201602863) -> b'\x0401602863'
(comandos/10/201602863) -> b'\x0401602863'
(comandos/10/201602863) -> b'\x0401602863'
(comandos/10/201602863) -> b'\x0401602863'
(comandos/10/201602863) -> b'\x0401602863'
(comandos/10/201602863) -> b'\x0401602863'
(comandos/10/201602863) -> b'\x0401602863'
(comandos/10/201602863) -> b'\x0401602863'
(comandos/10/201602863) -> b'\x0401602863'
(comandos/10/201602863) -> b'\x0401602863'
(comandos/10/201602863) -> b'\x0401602863'
(comandos/10/201602863) -> b'\x0401602863'
(comandos/10/201602863) -> b'\x0401602863'
(comandos/10/201602863) -> b'\x0401602863'
(comandos/10/201602863) -> b'\x0401602863'
(comandos/10/201602863) -> b'\x0401602863'
(comandos/10/201602863) -> b'\x0401602863'
(comandos/10/201602863) -> b'\x0401602863'
(comandos/10/201602863) -> b'\x0401602863'
(comandos/10/201602863) -> b'\x0401602863'
(comandos/10/201602863) -> b'\x0401602863'
(comandos/10/201602863) -> b'\x0401602863'
(comandos/10/201602863) -> b'\x0401602863'
(comandos/10/201602863) -> b'\x0401602863'
(comandos/10/201602863) -> b'\x0401602863'
(comandos/10/201602863) -> b'\x0401602863'
(comandos/10/201602863) -> b'\x0401602863'
(comandos/10/201602863) -> b'\x0401602863'
(comandos/10/201602863) -> b'\x0401602863'
(comandos/10/201602863) -> b'\x0401602863'
(comandos/10/201602863) -> b'\x0401602863'
(comandos/10/201602863) -> b'\x0401602863'
(comandos/10/201602863) -> b'\x0401602863'
(comandos/10/201602863) -> b'\x0401602863'
(comandos/10/201602863) -> b'\x0401602863'
(comandos/10/201602863) -> b'\x0401602863'
(comandos/10/201602863) -> b'\x0401602863'
(comandos/10/201602863) -> b'\x0401602863'
(comandos/10/201602863) -> b'\x0401602863'
(comandos/10/201602863) -> b'\x0401602863'
(comandos/10/201602863) -> b'\x0401602863'
(comandos/10/201602863) -> b'\x0401602863'
(comandos/10/201602863) -> b'\x0401602863'
(comandos/10/201602863) -> b'\x0401602863'
(comandos/10/201602863) -> b'\x0401602863'
(comandos/10/201602863) -> b'\x0401602863'
(comandos/10/201602863) -> b'\x0401602863'
(comandos/10/201602863) -> b'\x0401602863'
(comandos/10/201602863) -> b'\x0401602863'
(comandos/10/201602863) -> b'\x0401602863'
(comandos/10/201602863) -> b'\x0401602863'
(comandos/10/201602863) -> b'\x0401602863'
(comandos/10/201602863) -> b'\x0401602863'
(comandos/10/201602863) -> b'\x0401602863'
(comandos/10/201602863) -> b'\x0401602863'
(comandos/10/201602863) -> b'\x0401602863'
(comandos/10/201602863) -> b'\x0401602863'
(comandos/10/201602863) -> b'\x0401602863'
(comandos/10/201602863) -> b'\x0401602863'
(comandos/10/201602863) -> b'\x0401602863'
(comandos/10/201602863) -> b'\x0401602863'
(comandos/10/201602863) -> b'\x0401602863'
(comandos/10/201602863) -> b'\x0401602863'
(comandos/10/201602863) -> b'\x0401602863'
(comandos/10/201602863) -> b'\x0401602863'
(comandos/10/201602863) -> b'\x0401602863'
(comandos/10/201602863) -> b'\x0401602863'
(comandos/10/201602863) -> b'\x0401602863'
(comandos/10/201602863) -> b'\x0401602863'
(comandos/10/201602863) -> b'\x0401602863'
(comandos/10/201602863) -> b'\x0401602863'
(comandos/10/201602863) -> b'\x0401602863'
(comandos/10/201602863) -> b'\x0401602863'
(comandos/10/201602863) -> b'\x0401602863'
(comandos/10/201602863) -> b'\x0401602863'
(comandos/10/201602863) -> b'\x0401602863'
(comandos/10/201602863) -> b'\x0401602863'
(comandos/10/201602863) -> b'\x0401602863'
(comandos/10/201602863) -> b'\x0401602863'
(comandos/10/201602863) -> b'\x0401602863'
(comandos/10/201602863) -> b'\x0401602863'
(comandos/10/201602863) -> b'\x0401602863'
(comandos/10/201602863) -> b'\x0401602863'
(comandos/10/201602863) -> b'\x0401602863'
(comandos/10/201602863) -> b'\x0401602863'
(comandos/10/201602863) -> b'\x0401602863'
(comandos/10/201602863) -> b'\x0401602863'
(comandos/10/201602863) -> b'\x0401602863'
(comandos/10/201602863) -> b'\x0401602863'
(comandos/10/201602863) -> b'\x0401602863'
(comandos/10/201602863) -> b'\x0401602863'
(comandos/10/201602863) -> b'\x0401602863'
(comandos/10/201602863) -> b'\x0401602863'
(comandos/10/201602863) -> b'\x0401602863'
(comandos/10/201602863) -> b'\x0401602863'
(comandos/10/201602863) -> b'\x0401602863'
(comandos/10/201602863) -> b'\x0401602863'
(comandos/10/201602863) -> b'\x0401602863'
(comandos/10/201602863) -> b'\x0401602863'
(comandos/10/201602863) -> b'\x0401602863'
(comandos/10/201602863) -> b'\x0401602863'
(comandos/10/201602863) -> b'\x0401602863'
(comandos/10/201602863) -> b'\x0401602863'
(comandos/10/201602863) -> b'\x0401602863'
(comandos/10/201602863) -> b'\x0401602863'
(comandos/10/201602863) -> b'\x0401602863'
(comandos/10/201602863) -> b'\x0401602863'
(comandos/10/201602863) -> b'\x0401602863'
(comandos/10/201602863) -> b'\x0401602863'
(comandos/10/201602863) -> b'\x0401602863'
(comandos/10/201602863) -> b'\x0401602863'
(comandos/10/201602863) -> b'\x0401602863'
(comandos/10/201602863) -> b'\x0401602863'
(comandos/10/201602863) -> b'\x0401602863'
(comandos/10/201602863) -> b'\x0401602863'
(comandos/10/201602863) -> b'\x0401602863'
(comandos/10/201602863) -> b'\x0401602863'
(comandos/10/201602863) -> b'\x0401602863'
(comandos/10/201602863) -> b'\x0401602863'
(comandos/10/201602863) -> b'\x0401602863'
(comandos/10/201602863) -> b'\x0401602863'
(comandos/10/201602863) -> b'\x0401602863'
(comandos/10/201602863) -> b'\x0401602863'
(comandos/10/201602863) -> b'\x0401602863'
(comandos/10/201602863) -> b'\x0401602863'
(comandos/10/201602863) -> b'\x0401602863'
(comandos/10/201602863) -> b'\x0401602863'
(comandos/10/201602863) -> b'\x0401602863'
(comandos/10/201602863) -> b'\x0401602863'
(comandos/10/201602863) -> b'\x0401602863'
(comandos/10/201602863) -> b'\x0401602863'
(comandos/10/201602863) -> b'\x0401602863'
(comandos/10/201602863) -> b'\x0401602863'
(comandos/10/201602863) -> b'\x0401602863'
(comandos/10/201602863) -> b'\x0401602863'
(comandos/10/201602863) -> b'\x0401602863'
(comandos/10/201602863) -> b'\x0401602863'
(comandos/10/201602863) -> b'\x0401602863'
(comandos/10/201602863) -> b'\x0401602863'
(comandos/10/201602863) -> b'\x0401602863'
(comandos/10/201602863) -> b'\x0401602863'
(comandos/10/201602863) -> b'\x0401602863'
(comandos/10/201602863) -> b'\x0401602863'
(comandos/10/201602863) -> b'\x0401602863'
(comandos/10/201602863) -> b'\x0401602863'
(comandos/10/201602863) -> b'\x0401602863'
(comandos/10/201602863) -> b'\x0401602863'
(comandos/10/201602863) -> b'\x0401602863'
(comandos/10/201602863) -> b'\x0401602863'
(comandos/10/201602863) -> b'\x0401602863'
(comandos/10/201602863) -> b'\x0401602863'
(comandos/10/201602863) -> b'\x0401602863'
(comandos/10/201602863) -> b'\x0401602863'
(comandos/10/201602863) -> b'\x0401602863'
(comandos/10/201602863) -> b'\x0401602863'
(comandos/10/201602863) -> b'\x0401602863'
(comandos/10/201602863) -> b'\x0401602863'
(comandos/10/201602863) -> b'\x0401602863'
(comandos/10/201602863) -> b'\x0401602863'
(comandos/10/201602863) -> b'\x0401602863'
(comandos/10/201602863) -> b'\x0401602863'
(comandos/10/201602863) -> b'\x0401602863'
(comandos/10/201602863) -> b'\x0401602863'
(comandos/10/201602863) -> b'\x0401602863'
(comandos/10/201602863) -> b'\x0401602863'
(comandos/10/201602863) -> b'\x0401602863'
(comandos/10/201602863) -> b'\x0401602863'
(comandos/10/201602863) -> b'\x0401602863'
(comandos/10/201602863) -> b'\x0401602863'
(comandos/10/201602863) -> b'\x0401602863'
(comandos/10/201602863) -> b'\x0401602863'
(comandos/10/201602863) -> b'\x0401602863'
(comandos/10/201602863) -> b'\x0401602863'
(comandos/10/201602863) -> b'\x0401602863'
